2022-03-23 12:33:09.6850 Info [00000001] [LoggerService       ] LoggerService launched
2022-03-23 12:33:09.7141 Info [00000002] [RouterService       ] RouterService launched
2022-03-23 12:33:09.7141 Info [00000003] [LoginService        ] LoginService launched
2022-03-23 12:33:09.7141 Info [00000000] [SparkServer         ] Start SparkServer Server...
2022-03-23 12:35:11.2788 Info [00000002] [RouterService       ] GatewayCase.SocketAccept
2022-03-23 12:35:25.6494 Info [00000002] [RouterService       ] GatewayCase.SocketError
2022-03-23 12:35:25.6494 Info [00000002] [RouterService       ] GatewayCase.SocketError
2022-03-23 12:45:22.4179 Info [00000001] [LoggerService       ] LoggerService launched
2022-03-23 12:45:22.4464 Info [00000002] [RouterService       ] RouterService launched
2022-03-23 12:45:22.4464 Info [00000003] [LoginService        ] LoginService launched
2022-03-23 12:45:22.4464 Info [00000000] [SparkServer         ] Start SparkServer Server...
2022-03-23 12:45:28.8369 Info [00000002] [RouterService       ] GatewayCase.SocketAccept
2022-03-23 12:45:33.1260 Info [00000002] [RouterService       ] GatewayCase.SocketAccept
2022-03-23 12:45:36.0177 Info [00000002] [RouterService       ] GatewayCase.SocketError
2022-03-23 12:45:36.0177 Info [00000002] [RouterService       ] GatewayCase.SocketError
2022-03-23 12:48:05.7025 Info [00000001] [LoggerService       ] LoggerService launched
2022-03-23 12:48:05.7330 Info [00000002] [RouterService       ] RouterService launched
2022-03-23 12:48:05.7330 Info [00000003] [LoginService        ] LoginService launched
2022-03-23 12:48:05.7330 Info [00000000] [SparkServer         ] Start SparkServer Server...
2022-03-23 12:48:07.0881 Info [00000002] [RouterService       ] GatewayCase.SocketAccept
2022-03-23 12:48:10.0177 Info [00000002] [RouterService       ] GatewayCase.SocketAccept
2022-03-23 12:48:11.7455 Info [00000002] [RouterService       ] GatewayCase.SocketError
2022-03-23 12:48:11.7455 Info [00000002] [RouterService       ] GatewayCase.SocketError
2022-03-23 12:50:47.0518 Info [00000001] [LoggerService       ] LoggerService launched
2022-03-23 12:50:47.0793 Info [00000002] [RouterService       ] RouterService launched
2022-03-23 12:50:47.0793 Info [00000003] [LoginService        ] LoginService launched
2022-03-23 12:50:47.0793 Info [00000000] [SparkServer         ] Start SparkServer Server...
2022-03-23 12:50:47.8105 Info [00000002] [RouterService       ] GatewayCase.SocketAccept
2022-03-23 12:50:50.1577 Info [00000002] [RouterService       ] GatewayCase.SocketAccept
2022-03-23 12:50:51.7115 Info [00000002] [RouterService       ] GatewayCase.SocketError
2022-03-23 12:50:51.7115 Info [00000002] [RouterService       ] GatewayCase.SocketError
2022-03-23 12:58:04.9378 Info [00000001] [LoggerService       ] LoggerService launched
2022-03-23 12:58:04.9658 Info [00000002] [RouterService       ] RouterService launched
2022-03-23 12:58:04.9658 Info [00000003] [LoginService        ] LoginService launched
2022-03-23 12:58:04.9658 Info [00000000] [SparkServer         ] Start SparkServer Server...
2022-03-23 12:58:05.5615 Info [00000002] [RouterService       ] GatewayCase.SocketAccept
2022-03-23 12:58:07.6775 Info [00000002] [RouterService       ] GatewayCase.SocketAccept
2022-03-23 12:58:09.1917 Info [00000002] [RouterService       ] GatewayCase.SocketError
2022-03-23 12:58:09.1917 Info [00000002] [RouterService       ] GatewayCase.SocketError
