2022-03-23 00:13:21.9654 [00000001] logger launched
2022-03-23 00:13:21.9859 [00000002] gateway launched
2022-03-23 00:13:21.9859 [00000003]  launched
2022-03-23 00:13:21.9859 [00000000] Start SparkServer Server...
2022-03-23 00:17:10.9239 [00000001] logger launched
2022-03-23 00:17:10.9424 [00000002] gateway launched
2022-03-23 00:17:10.9424 [00000003]  launched
2022-03-23 00:17:10.9424 [00000000] Start SparkServer Server...
2022-03-23 00:26:53.6182 [00000001] logger launched
2022-03-23 00:26:53.6387 [00000002] gateway launched
2022-03-23 00:26:53.6387 [00000003]  launched
2022-03-23 00:26:53.6387 [00000000] Start SparkServer Server...
2022-03-23 00:28:17.6002 [00000001] logger launched
2022-03-23 00:28:17.6203 [00000002] gateway launched
2022-03-23 00:28:17.6203 [00000003]  launched
2022-03-23 00:28:17.6203 [00000000] Start SparkServer Server...
2022-03-23 00:28:35.3927 Info [00000001] logger launched
2022-03-23 00:28:35.4122 Info [00000002] gateway launched
2022-03-23 00:28:35.4122 Info [00000003]  launched
2022-03-23 00:28:35.4122 Info [00000000] Start SparkServer Server...
2022-03-23 00:48:01.7420 Info [00000001] logger launched
2022-03-23 00:48:01.7620 Info [00000002] Router launched
2022-03-23 00:48:01.7620 Info [00000003]  launched
2022-03-23 00:48:01.7620 Info [00000000] Start SparkServer Server...
2022-03-23 00:49:31.7825 Info [00000001] logger launched
2022-03-23 00:49:31.8020 Info [00000002] Router launched
2022-03-23 00:49:31.8020 Info [00000003] LoginService launched
2022-03-23 00:49:31.8020 Info [00000000] Start SparkServer Server...
2022-03-23 00:50:55.7619 Info [00000001] Logger launched
2022-03-23 00:50:55.7814 Info [00000002] Router launched
2022-03-23 00:50:55.7814 Info [00000003] LoginService launched
2022-03-23 00:50:55.7814 Info [00000000] Start SparkServer Server...
2022-03-23 00:51:26.4202 Info [00000001] LoggerService launched
2022-03-23 00:51:26.4403 Info [00000002] RouterService launched
2022-03-23 00:51:26.4403 Info [00000003] LoginService launched
2022-03-23 00:51:26.4403 Info [00000000] Start SparkServer Server...
2022-03-23 00:57:17.5223 Info [00000001] [1:X8] LoggerService launched
2022-03-23 00:57:17.5418 Info [00000002] [1:X8] RouterService launched
2022-03-23 00:57:17.5418 Info [00000003] [1:X8] LoginService launched
2022-03-23 00:57:17.5418 Info [00000000] [1:X8] Start SparkServer Server...
2022-03-23 00:57:50.1096 Info [00000001] [LoggerService] LoggerService launched
2022-03-23 00:57:50.1297 Info [00000002] [RouterService] RouterService launched
2022-03-23 00:57:50.1297 Info [00000003] [LoginService] LoginService launched
2022-03-23 00:57:50.1297 Info [00000000] [] Start SparkServer Server...
