2022-03-23 13:04:10.3350 Info [00000001] [LoggerService       ] LoggerService launched
2022-03-23 13:04:10.3630 Info [00000002] [RouterService       ] RouterService launched
2022-03-23 13:04:10.3630 Info [00000003] [LoginService        ] LoginService launched
2022-03-23 13:04:10.3630 Info [00000000] [SparkServer         ] Start SparkServer Server...
2022-03-23 13:04:12.3779 Info [00000002] [RouterService       ] GatewayCase.SocketAccept
2022-03-23 13:04:14.7401 Info [00000002] [RouterService       ] GatewayCase.SocketAccept
2022-03-23 13:04:15.5977 Info [00000002] [RouterService       ] GatewayCase.SocketError
2022-03-23 13:04:15.5977 Info [00000002] [RouterService       ] GatewayCase.SocketError
2022-03-23 13:04:39.5921 Info [00000001] [LoggerService       ] LoggerService launched
2022-03-23 13:04:39.6186 Info [00000002] [RouterService       ] RouterService launched
2022-03-23 13:04:39.6186 Info [00000003] [LoginService        ] LoginService launched
2022-03-23 13:04:39.6186 Info [00000000] [SparkServer         ] Start SparkServer Server...
2022-03-23 13:04:40.4890 Info [00000002] [RouterService       ] GatewayCase.SocketAccept
2022-03-23 13:04:42.6619 Info [00000002] [RouterService       ] GatewayCase.SocketAccept
2022-03-23 13:04:44.1765 Info [00000002] [RouterService       ] GatewayCase.SocketError
2022-03-23 13:04:44.1765 Info [00000002] [RouterService       ] GatewayCase.SocketError
2022-03-23 13:07:02.4693 Info [00000001] [LoggerService       ] LoggerService launched
2022-03-23 13:07:02.4974 Info [00000002] [RouterService       ] RouterService launched
2022-03-23 13:07:02.4974 Info [00000003] [LoginService        ] LoginService launched
2022-03-23 13:07:02.4974 Info [00000000] [SparkServer         ] Start SparkServer Server...
2022-03-23 13:07:02.4974 Info [00000002] [RouterService       ] GatewayCase.SocketAccept
2022-03-23 13:07:04.1741 Info [00000002] [RouterService       ] GatewayCase.SocketAccept
2022-03-23 13:07:05.1019 Info [00000002] [RouterService       ] GatewayCase.SocketError
2022-03-23 13:07:05.1024 Info [00000002] [RouterService       ] GatewayCase.SocketError
2022-03-23 13:12:51.7746 Info [00000001] [LoggerService       ] LoggerService launched
2022-03-23 13:12:51.8011 Info [00000002] [RouterService       ] RouterService launched
2022-03-23 13:12:51.8011 Info [00000003] [LoginService        ] LoginService launched
2022-03-23 13:12:51.8011 Info [00000000] [SparkServer         ] Start SparkServer Server...
2022-03-23 13:12:53.1539 Info [00000002] [RouterService       ] GatewayCase.SocketAccept
2022-03-23 13:12:54.8814 Info [00000002] [RouterService       ] GatewayCase.SocketAccept
2022-03-23 13:12:55.7823 Info [00000002] [RouterService       ] Router.SocketError
2022-03-23 13:13:48.8954 Info [00000001] [LoggerService       ] LoggerService launched
2022-03-23 13:13:48.9220 Info [00000002] [RouterService       ] RouterService launched
2022-03-23 13:13:48.9220 Info [00000003] [LoginService        ] LoginService launched
2022-03-23 13:13:48.9220 Info [00000000] [SparkServer         ] Start SparkServer Server...
2022-03-23 13:13:50.4437 Info [00000002] [RouterService       ] GatewayCase.SocketAccept
2022-03-23 13:13:51.3033 Info [00000002] [RouterService       ] GatewayCase.SocketAccept
2022-03-23 13:13:53.2914 Info [00000002] [RouterService       ] Router.SocketError
2022-03-23 13:15:21.2695 Info [00000001] [LoggerService       ] LoggerService launched
2022-03-23 13:15:21.2963 Info [00000002] [RouterService       ] RouterService launched
2022-03-23 13:15:21.2963 Info [00000003] [LoginService        ] LoginService launched
2022-03-23 13:15:21.2963 Info [00000000] [SparkServer         ] Start SparkServer Server...
2022-03-23 13:15:22.1227 Info [00000002] [RouterService       ] GatewayCase.SocketAccept
2022-03-23 13:15:23.6923 Info [00000002] [RouterService       ] GatewayCase.SocketAccept
2022-03-23 13:15:24.9087 Info [00000002] [RouterService       ] 127.0.0.1:51767
